<?xml version="1.0" encoding="UTF-8"?>
<!-- Generated by org.testng.reporters.JUnitReportReporter -->
<testsuite skipped="0" hostname="AP-PUN-WS5592" name="com.challenge2.Question2" tests="1" failures="0" timestamp="2019-11-10T17:06:57 IST" time="1.407" errors="0">
  <testcase name="testMarketWatch" time="1.407" classname="com.challenge2.Question2"/>
</testsuite> <!-- com.challenge2.Question2 -->
