<?xml version="1.0" encoding="UTF-8"?>
<!-- Generated by org.testng.reporters.JUnitReportReporter -->
<testsuite skipped="0" hostname="AP-PUN-WS5592" name="com.challenge2.Question4" tests="1" failures="0" timestamp="2019-11-07T19:05:33 IST" time="6.018" errors="0">
  <testcase name="testExcelDataHandling" time="6.018" classname="com.challenge2.Question4"/>
</testsuite> <!-- com.challenge2.Question4 -->
