<?xml version="1.0" encoding="UTF-8"?>
<!-- Generated by org.testng.reporters.JUnitReportReporter -->
<testsuite skipped="0" hostname="AP-PUN-WS5592" name="com.challenge2.Question6" tests="1" failures="0" timestamp="2019-11-08T15:30:52 IST" time="8.899" errors="0">
  <testcase name="testMarketWatch" time="8.899" classname="com.challenge2.Question6"/>
</testsuite> <!-- com.challenge2.Question6 -->
