<?xml version="1.0" encoding="UTF-8"?>
<!-- Generated by org.testng.reporters.JUnitReportReporter -->
<testsuite skipped="0" hostname="AP-PUN-WS5592" name="com.challenge2.Question3" tests="1" failures="0" timestamp="2019-11-07T18:57:04 IST" time="3.941" errors="0">
  <testcase name="tsetEquityMarketeData" time="3.941" classname="com.challenge2.Question3"/>
</testsuite> <!-- com.challenge2.Question3 -->
